Determining if the pthread_create exist failed with the following output:
Change Dir: /home/niyas/cfi/auto/build/CMakeFiles/CMakeTmp

Run Build Command:/usr/bin/make "cmTryCompileExec548529685/fast"
/usr/bin/make -f CMakeFiles/cmTryCompileExec548529685.dir/build.make CMakeFiles/cmTryCompileExec548529685.dir/build
make[1]: Entering directory `/home/niyas/cfi/auto/build/CMakeFiles/CMakeTmp'
/usr/bin/cmake -E cmake_progress_report /home/niyas/cfi/auto/build/CMakeFiles/CMakeTmp/CMakeFiles 1
Building C object CMakeFiles/cmTryCompileExec548529685.dir/CheckSymbolExists.c.o
/usr/bin/cc    -o CMakeFiles/cmTryCompileExec548529685.dir/CheckSymbolExists.c.o   -c /home/niyas/cfi/auto/build/CMakeFiles/CMakeTmp/CheckSymbolExists.c
Linking C executable cmTryCompileExec548529685
/usr/bin/cmake -E cmake_link_script CMakeFiles/cmTryCompileExec548529685.dir/link.txt --verbose=1
/usr/bin/cc       CMakeFiles/cmTryCompileExec548529685.dir/CheckSymbolExists.c.o  -o cmTryCompileExec548529685 -rdynamic 
CMakeFiles/cmTryCompileExec548529685.dir/CheckSymbolExists.c.o: In function `main':
CheckSymbolExists.c:(.text+0x16): undefined reference to `pthread_create'
collect2: error: ld returned 1 exit status
make[1]: *** [cmTryCompileExec548529685] Error 1
make[1]: Leaving directory `/home/niyas/cfi/auto/build/CMakeFiles/CMakeTmp'
make: *** [cmTryCompileExec548529685/fast] Error 2

File /home/niyas/cfi/auto/build/CMakeFiles/CMakeTmp/CheckSymbolExists.c:
/* */
#include <pthread.h>

int main(int argc, char** argv)
{
  (void)argv;
#ifndef pthread_create
  return ((int*)(&pthread_create))[argc];
#else
  (void)argc;
  return 0;
#endif
}

Determining if the function pthread_create exists in the pthreads failed with the following output:
Change Dir: /home/niyas/cfi/auto/build/CMakeFiles/CMakeTmp

Run Build Command:/usr/bin/make "cmTryCompileExec845028167/fast"
/usr/bin/make -f CMakeFiles/cmTryCompileExec845028167.dir/build.make CMakeFiles/cmTryCompileExec845028167.dir/build
make[1]: Entering directory `/home/niyas/cfi/auto/build/CMakeFiles/CMakeTmp'
/usr/bin/cmake -E cmake_progress_report /home/niyas/cfi/auto/build/CMakeFiles/CMakeTmp/CMakeFiles 1
Building C object CMakeFiles/cmTryCompileExec845028167.dir/CheckFunctionExists.c.o
/usr/bin/cc   -DCHECK_FUNCTION_EXISTS=pthread_create   -o CMakeFiles/cmTryCompileExec845028167.dir/CheckFunctionExists.c.o   -c /usr/share/cmake-2.8/Modules/CheckFunctionExists.c
Linking C executable cmTryCompileExec845028167
/usr/bin/cmake -E cmake_link_script CMakeFiles/cmTryCompileExec845028167.dir/link.txt --verbose=1
/usr/bin/cc   -DCHECK_FUNCTION_EXISTS=pthread_create    CMakeFiles/cmTryCompileExec845028167.dir/CheckFunctionExists.c.o  -o cmTryCompileExec845028167 -rdynamic -lpthreads 
/usr/bin/ld: cannot find -lpthreads
collect2: error: ld returned 1 exit status
make[1]: *** [cmTryCompileExec845028167] Error 1
make[1]: Leaving directory `/home/niyas/cfi/auto/build/CMakeFiles/CMakeTmp'
make: *** [cmTryCompileExec845028167/fast] Error 2


